-- Found ament_cmake: 0.9.11 (/opt/ros/foxy/share/ament_cmake/cmake)
-- Found PythonInterp: /usr/bin/python3 (found suitable version "3.8.10", minimum required is "3") 
-- Using PYTHON_EXECUTABLE: /usr/bin/python3
-- Found rosidl_default_generators: 1.0.1 (/opt/ros/foxy/share/rosidl_default_generators/cmake)
-- Using all available rosidl_typesupport_c: rosidl_typesupport_fastrtps_c;rosidl_typesupport_introspection_c
-- Found rosidl_adapter: 1.3.0 (/opt/ros/foxy/share/rosidl_adapter/cmake)
-- Using all available rosidl_typesupport_cpp: rosidl_typesupport_fastrtps_cpp;rosidl_typesupport_introspection_cpp
-- Found std_msgs: 2.0.5 (/opt/ros/foxy/share/std_msgs/cmake)
-- Found PythonInterp: /usr/bin/python3 (found version "3.8.10") 
-- Found ament_cmake_ros: 0.9.2 (/opt/ros/foxy/share/ament_cmake_ros/cmake)
-- Using all available rosidl_typesupport_c: rosidl_typesupport_fastrtps_c;rosidl_typesupport_introspection_c
-- Using all available rosidl_typesupport_cpp: rosidl_typesupport_fastrtps_cpp;rosidl_typesupport_introspection_cpp
-- Found PythonInterp: /usr/bin/python3 (found suitable version "3.8.10", minimum required is "3.5") 
-- Found python_cmake_module: 0.8.1 (/opt/ros/foxy/share/python_cmake_module/cmake)
-- Using PYTHON_EXECUTABLE: /usr/bin/python3
-- Using PYTHON_INCLUDE_DIRS: /usr/include/python3.8
-- Using PYTHON_LIBRARIES: /usr/lib/x86_64-linux-gnu/libpython3.8.so
-- Configuring done
-- Generating done
-- Build files have been written to: /home/teamvision/Desktop/ROS_Workspace/Honours_a1797823_a1764124/ROS_Workspace/src/build/custom_srvs
[  3%] [34m[1mGenerating C code for ROS interfaces[0m
[  6%] [34m[1mGenerating C++ code for ROS interfaces[0m
[  6%] Built target custom_srvs__cpp
[  9%] [34m[1mGenerating C++ introspection for ROS interfaces[0m
[ 12%] [34m[1mGenerating C++ type support for eProsima Fast-RTPS[0m
[ 16%] [34m[1mGenerating C++ type support dispatch for ROS interfaces[0m
[35m[1mScanning dependencies of target custom_srvs__rosidl_generator_c[0m
[ 19%] [32mBuilding C object CMakeFiles/custom_srvs__rosidl_generator_c.dir/rosidl_generator_c/custom_srvs/srv/detail/policy__functions.c.o[0m
In file included from [01m[K/home/teamvision/Desktop/ROS_Workspace/Honours_a1797823_a1764124/ROS_Workspace/src/build/custom_srvs/rosidl_generator_c/custom_srvs/srv/detail/policy__functions.h:19[m[K,
                 from [01m[K/home/teamvision/Desktop/ROS_Workspace/Honours_a1797823_a1764124/ROS_Workspace/src/build/custom_srvs/rosidl_generator_c/custom_srvs/srv/detail/policy__functions.c:4[m[K:
[01m[K/home/teamvision/Desktop/ROS_Workspace/Honours_a1797823_a1764124/ROS_Workspace/src/build/custom_srvs/rosidl_generator_c/custom_srvs/srv/detail/policy__struct.h:22:10:[m[K [01;31m[Kfatal error: [m[Kcustom_srvs/msg/detail/int__struct.h: No such file or directory
   22 | #include [01;31m[K"custom_srvs/msg/detail/int__struct.h"[m[K
      |          [01;31m[K^~~~~~~~~~~~~~~~~~~~~~~~~~~~~~~~~~~~~~[m[K
compilation terminated.
make[2]: *** [CMakeFiles/custom_srvs__rosidl_generator_c.dir/build.make:92: CMakeFiles/custom_srvs__rosidl_generator_c.dir/rosidl_generator_c/custom_srvs/srv/detail/policy__functions.c.o] Error 1
make[1]: *** [CMakeFiles/Makefile2:499: CMakeFiles/custom_srvs__rosidl_generator_c.dir/all] Error 2
make[1]: *** Waiting for unfinished jobs....
[35m[1mScanning dependencies of target custom_srvs__rosidl_typesupport_cpp[0m
[ 22%] [32mBuilding CXX object CMakeFiles/custom_srvs__rosidl_typesupport_cpp.dir/rosidl_typesupport_cpp/custom_srvs/srv/policy__type_support.cpp.o[0m
[35m[1mScanning dependencies of target custom_srvs__rosidl_typesupport_introspection_cpp[0m
[ 25%] [32mBuilding CXX object CMakeFiles/custom_srvs__rosidl_typesupport_introspection_cpp.dir/rosidl_typesupport_introspection_cpp/custom_srvs/srv/detail/policy__type_support.cpp.o[0m
[35m[1mScanning dependencies of target custom_srvs__rosidl_typesupport_fastrtps_cpp[0m
In file included from [01m[K/home/teamvision/Desktop/ROS_Workspace/Honours_a1797823_a1764124/ROS_Workspace/src/build/custom_srvs/rosidl_typesupport_cpp/custom_srvs/srv/policy__type_support.cpp:7[m[K:
[01m[K/home/teamvision/Desktop/ROS_Workspace/Honours_a1797823_a1764124/ROS_Workspace/src/build/custom_srvs/rosidl_generator_cpp/custom_srvs/srv/detail/policy__struct.hpp:19:10:[m[K [01;31m[Kfatal error: [m[Kcustom_srvs/msg/detail/int__struct.hpp: No such file or directory
   19 | #include [01;31m[K"custom_srvs/msg/detail/int__struct.hpp"[m[K
      |          [01;31m[K^~~~~~~~~~~~~~~~~~~~~~~~~~~~~~~~~~~~~~~~[m[K
compilation terminated.
[ 29%] [32mBuilding CXX object CMakeFiles/custom_srvs__rosidl_typesupport_fastrtps_cpp.dir/rosidl_typesupport_fastrtps_cpp/custom_srvs/srv/detail/dds_fastrtps/policy__type_support.cpp.o[0m
make[2]: *** [CMakeFiles/custom_srvs__rosidl_typesupport_cpp.dir/build.make:73: CMakeFiles/custom_srvs__rosidl_typesupport_cpp.dir/rosidl_typesupport_cpp/custom_srvs/srv/policy__type_support.cpp.o] Error 1
make[1]: *** [CMakeFiles/Makefile2:526: CMakeFiles/custom_srvs__rosidl_typesupport_cpp.dir/all] Error 2
In file included from [01m[K/home/teamvision/Desktop/ROS_Workspace/Honours_a1797823_a1764124/ROS_Workspace/src/build/custom_srvs/rosidl_typesupport_introspection_cpp/custom_srvs/srv/detail/policy__type_support.cpp:12[m[K:
[01m[K/home/teamvision/Desktop/ROS_Workspace/Honours_a1797823_a1764124/ROS_Workspace/src/build/custom_srvs/rosidl_generator_cpp/custom_srvs/srv/detail/policy__struct.hpp:19:10:[m[K [01;31m[Kfatal error: [m[Kcustom_srvs/msg/detail/int__struct.hpp: No such file or directory
   19 | #include [01;31m[K"custom_srvs/msg/detail/int__struct.hpp"[m[K
      |          [01;31m[K^~~~~~~~~~~~~~~~~~~~~~~~~~~~~~~~~~~~~~~~[m[K
compilation terminated.
make[2]: *** [CMakeFiles/custom_srvs__rosidl_typesupport_introspection_cpp.dir/build.make:78: CMakeFiles/custom_srvs__rosidl_typesupport_introspection_cpp.dir/rosidl_typesupport_introspection_cpp/custom_srvs/srv/detail/policy__type_support.cpp.o] Error 1
make[1]: *** [CMakeFiles/Makefile2:362: CMakeFiles/custom_srvs__rosidl_typesupport_introspection_cpp.dir/all] Error 2
In file included from [01m[K/home/teamvision/Desktop/ROS_Workspace/Honours_a1797823_a1764124/ROS_Workspace/src/build/custom_srvs/rosidl_typesupport_fastrtps_cpp/custom_srvs/srv/detail/policy__rosidl_typesupport_fastrtps_cpp.hpp:11[m[K,
                 from [01m[K/home/teamvision/Desktop/ROS_Workspace/Honours_a1797823_a1764124/ROS_Workspace/src/build/custom_srvs/rosidl_typesupport_fastrtps_cpp/custom_srvs/srv/detail/dds_fastrtps/policy__type_support.cpp:4[m[K:
[01m[K/home/teamvision/Desktop/ROS_Workspace/Honours_a1797823_a1764124/ROS_Workspace/src/build/custom_srvs/rosidl_generator_cpp/custom_srvs/srv/detail/policy__struct.hpp:19:10:[m[K [01;31m[Kfatal error: [m[Kcustom_srvs/msg/detail/int__struct.hpp: No such file or directory
   19 | #include [01;31m[K"custom_srvs/msg/detail/int__struct.hpp"[m[K
      |          [01;31m[K^~~~~~~~~~~~~~~~~~~~~~~~~~~~~~~~~~~~~~~~[m[K
compilation terminated.
make[2]: *** [CMakeFiles/custom_srvs__rosidl_typesupport_fastrtps_cpp.dir/build.make:78: CMakeFiles/custom_srvs__rosidl_typesupport_fastrtps_cpp.dir/rosidl_typesupport_fastrtps_cpp/custom_srvs/srv/detail/dds_fastrtps/policy__type_support.cpp.o] Error 1
make[1]: *** [CMakeFiles/Makefile2:335: CMakeFiles/custom_srvs__rosidl_typesupport_fastrtps_cpp.dir/all] Error 2
make: *** [Makefile:141: all] Error 2
