[0.022s] Invoking command in '/home/teamvision/Desktop/ROS_Workspace/Honours_a1797823_a1764124/ROS_Workspace/src/build/custom_srvs': CMAKE_PREFIX_PATH=${CMAKE_PREFIX_PATH}:/home/teamvision/Desktop/ROS_Workspace/Honours_a1797823_a1764124/ROS_Workspace/src/install/turtlebot3_navigation:/home/teamvision/Desktop/ROS_Workspace/Honours_a1797823_a1764124/ROS_Workspace/src/install/cameraSub:/home/teamvision/Desktop/ROS_Workspace/Honours_a1797823_a1764124/ROS_Workspace/src/install/cameraPub:/home/teamvision/Desktop/ROS_Workspace/Honours_a1797823_a1764124/ROS_Workspace/src/install/UGV1Vision:/home/teamvision/Desktop/ROS_Workspace/Honours_a1797823_a1764124/ROS_Workspace/src/install/UGV1Processing:/home/teamvision/Desktop/ROS_Workspace/Honours_a1797823_a1764124/ROS_Workspace/src/install/UGV1Main:/home/teamvision/Desktop/ROS_Workspace/Honours_a1797823_a1764124/ROS_Workspace/src/install/UAVVision:/home/teamvision/Desktop/ROS_Workspace/Honours_a1797823_a1764124/ROS_Workspace/src/install/UAVProcessing:/home/teamvision/Desktop/ROS_Workspace/Honours_a1797823_a1764124/ROS_Workspace/src/install/UAVMain:/home/teamvision/Desktop/ROS_Workspace/Honours_a1797823_a1764124/ROS_Workspace/src/install/Konig:/opt/ros/foxy /usr/bin/cmake --build /home/teamvision/Desktop/ROS_Workspace/Honours_a1797823_a1764124/ROS_Workspace/src/build/custom_srvs -- -j4 -l4
[0.063s] -- Found ament_cmake: 0.9.11 (/opt/ros/foxy/share/ament_cmake/cmake)
[0.106s] -- Found PythonInterp: /usr/bin/python3 (found suitable version "3.8.10", minimum required is "3") 
[0.106s] -- Using PYTHON_EXECUTABLE: /usr/bin/python3
[0.367s] -- Found rosidl_default_generators: 1.0.1 (/opt/ros/foxy/share/rosidl_default_generators/cmake)
[0.373s] -- Using all available rosidl_typesupport_c: rosidl_typesupport_fastrtps_c;rosidl_typesupport_introspection_c
[0.378s] -- Found rosidl_adapter: 1.3.0 (/opt/ros/foxy/share/rosidl_adapter/cmake)
[0.557s] -- Using all available rosidl_typesupport_cpp: rosidl_typesupport_fastrtps_cpp;rosidl_typesupport_introspection_cpp
[0.589s] -- Found std_msgs: 2.0.5 (/opt/ros/foxy/share/std_msgs/cmake)
[0.673s] -- Found PythonInterp: /usr/bin/python3 (found version "3.8.10") 
[0.844s] -- Found ament_cmake_ros: 0.9.2 (/opt/ros/foxy/share/ament_cmake_ros/cmake)
[0.972s] -- Using all available rosidl_typesupport_c: rosidl_typesupport_fastrtps_c;rosidl_typesupport_introspection_c
[0.982s] -- Using all available rosidl_typesupport_cpp: rosidl_typesupport_fastrtps_cpp;rosidl_typesupport_introspection_cpp
[1.028s] -- Found PythonInterp: /usr/bin/python3 (found suitable version "3.8.10", minimum required is "3.5") 
[1.028s] -- Found python_cmake_module: 0.8.1 (/opt/ros/foxy/share/python_cmake_module/cmake)
[1.074s] -- Using PYTHON_EXECUTABLE: /usr/bin/python3
[1.074s] -- Using PYTHON_INCLUDE_DIRS: /usr/include/python3.8
[1.074s] -- Using PYTHON_LIBRARIES: /usr/lib/x86_64-linux-gnu/libpython3.8.so
[1.105s] -- Configuring done
[1.141s] -- Generating done
[1.145s] -- Build files have been written to: /home/teamvision/Desktop/ROS_Workspace/Honours_a1797823_a1764124/ROS_Workspace/src/build/custom_srvs
[1.183s] [  3%] [34m[1mGenerating C code for ROS interfaces[0m
[1.196s] [  6%] [34m[1mGenerating C++ code for ROS interfaces[0m
[1.518s] [  6%] Built target custom_srvs__cpp
[1.530s] [ 16%] [34m[1mGenerating C++ type support dispatch for ROS interfaces[0m
[1.531s] [ 16%] [34m[1mGenerating C++ type support for eProsima Fast-RTPS[0m
[1.531s] [ 16%] [34m[1mGenerating C++ introspection for ROS interfaces[0m
[1.534s] [35m[1mScanning dependencies of target custom_srvs__rosidl_generator_c[0m
[1.549s] [ 19%] [32mBuilding C object CMakeFiles/custom_srvs__rosidl_generator_c.dir/rosidl_generator_c/custom_srvs/srv/detail/policy__functions.c.o[0m
[1.564s] In file included from [01m[K/home/teamvision/Desktop/ROS_Workspace/Honours_a1797823_a1764124/ROS_Workspace/src/build/custom_srvs/rosidl_generator_c/custom_srvs/srv/detail/policy__functions.h:19[m[K,
[1.565s]                  from [01m[K/home/teamvision/Desktop/ROS_Workspace/Honours_a1797823_a1764124/ROS_Workspace/src/build/custom_srvs/rosidl_generator_c/custom_srvs/srv/detail/policy__functions.c:4[m[K:
[1.565s] [01m[K/home/teamvision/Desktop/ROS_Workspace/Honours_a1797823_a1764124/ROS_Workspace/src/build/custom_srvs/rosidl_generator_c/custom_srvs/srv/detail/policy__struct.h:22:10:[m[K [01;31m[Kfatal error: [m[Kcustom_srvs/msg/detail/string__struct.h: No such file or directory
[1.565s]    22 | #include [01;31m[K"custom_srvs/msg/detail/string__struct.h"[m[K
[1.565s]       |          [01;31m[K^~~~~~~~~~~~~~~~~~~~~~~~~~~~~~~~~~~~~~~~~[m[K
[1.565s] compilation terminated.
[1.565s] make[2]: *** [CMakeFiles/custom_srvs__rosidl_generator_c.dir/build.make:92: CMakeFiles/custom_srvs__rosidl_generator_c.dir/rosidl_generator_c/custom_srvs/srv/detail/policy__functions.c.o] Error 1
[1.566s] make[1]: *** [CMakeFiles/Makefile2:499: CMakeFiles/custom_srvs__rosidl_generator_c.dir/all] Error 2
[1.566s] make[1]: *** Waiting for unfinished jobs....
[1.819s] [35m[1mScanning dependencies of target custom_srvs__rosidl_typesupport_cpp[0m
[1.832s] [ 22%] [32mBuilding CXX object CMakeFiles/custom_srvs__rosidl_typesupport_cpp.dir/rosidl_typesupport_cpp/custom_srvs/srv/policy__type_support.cpp.o[0m
[1.847s] [35m[1mScanning dependencies of target custom_srvs__rosidl_typesupport_introspection_cpp[0m
[1.861s] [ 25%] [32mBuilding CXX object CMakeFiles/custom_srvs__rosidl_typesupport_introspection_cpp.dir/rosidl_typesupport_introspection_cpp/custom_srvs/srv/detail/policy__type_support.cpp.o[0m
[1.871s] [35m[1mScanning dependencies of target custom_srvs__rosidl_typesupport_fastrtps_cpp[0m
[1.887s] In file included from [01m[K/home/teamvision/Desktop/ROS_Workspace/Honours_a1797823_a1764124/ROS_Workspace/src/build/custom_srvs/rosidl_typesupport_cpp/custom_srvs/srv/policy__type_support.cpp:7[m[K:
[1.887s] [01m[K/home/teamvision/Desktop/ROS_Workspace/Honours_a1797823_a1764124/ROS_Workspace/src/build/custom_srvs/rosidl_generator_cpp/custom_srvs/srv/detail/policy__struct.hpp:19:10:[m[K [01;31m[Kfatal error: [m[Kcustom_srvs/msg/detail/string__struct.hpp: No such file or directory
[1.888s]    19 | #include [01;31m[K"custom_srvs/msg/detail/string__struct.hpp"[m[K
[1.888s] [ 29%] [32mBuilding CXX object CMakeFiles/custom_srvs__rosidl_typesupport_fastrtps_cpp.dir/rosidl_typesupport_fastrtps_cpp/custom_srvs/srv/detail/dds_fastrtps/policy__type_support.cpp.o[0m
[1.888s]       |          [01;31m[K^~~~~~~~~~~~~~~~~~~~~~~~~~~~~~~~~~~~~~~~~~~[m[K
[1.888s] compilation terminated.
[1.890s] make[2]: *** [CMakeFiles/custom_srvs__rosidl_typesupport_cpp.dir/build.make:73: CMakeFiles/custom_srvs__rosidl_typesupport_cpp.dir/rosidl_typesupport_cpp/custom_srvs/srv/policy__type_support.cpp.o] Error 1
[1.890s] make[1]: *** [CMakeFiles/Makefile2:526: CMakeFiles/custom_srvs__rosidl_typesupport_cpp.dir/all] Error 2
[1.913s] In file included from [01m[K/home/teamvision/Desktop/ROS_Workspace/Honours_a1797823_a1764124/ROS_Workspace/src/build/custom_srvs/rosidl_typesupport_introspection_cpp/custom_srvs/srv/detail/policy__type_support.cpp:12[m[K:
[1.913s] [01m[K/home/teamvision/Desktop/ROS_Workspace/Honours_a1797823_a1764124/ROS_Workspace/src/build/custom_srvs/rosidl_generator_cpp/custom_srvs/srv/detail/policy__struct.hpp:19:10:[m[K [01;31m[Kfatal error: [m[Kcustom_srvs/msg/detail/string__struct.hpp: No such file or directory
[1.914s]    19 | #include [01;31m[K"custom_srvs/msg/detail/string__struct.hpp"[m[K
[1.914s]       |          [01;31m[K^~~~~~~~~~~~~~~~~~~~~~~~~~~~~~~~~~~~~~~~~~~[m[K
[1.914s] compilation terminated.
[1.915s] make[2]: *** [CMakeFiles/custom_srvs__rosidl_typesupport_introspection_cpp.dir/build.make:78: CMakeFiles/custom_srvs__rosidl_typesupport_introspection_cpp.dir/rosidl_typesupport_introspection_cpp/custom_srvs/srv/detail/policy__type_support.cpp.o] Error 1
[1.915s] make[1]: *** [CMakeFiles/Makefile2:362: CMakeFiles/custom_srvs__rosidl_typesupport_introspection_cpp.dir/all] Error 2
[1.941s] In file included from [01m[K/home/teamvision/Desktop/ROS_Workspace/Honours_a1797823_a1764124/ROS_Workspace/src/build/custom_srvs/rosidl_typesupport_fastrtps_cpp/custom_srvs/srv/detail/policy__rosidl_typesupport_fastrtps_cpp.hpp:11[m[K,
[1.941s]                  from [01m[K/home/teamvision/Desktop/ROS_Workspace/Honours_a1797823_a1764124/ROS_Workspace/src/build/custom_srvs/rosidl_typesupport_fastrtps_cpp/custom_srvs/srv/detail/dds_fastrtps/policy__type_support.cpp:4[m[K:
[1.941s] [01m[K/home/teamvision/Desktop/ROS_Workspace/Honours_a1797823_a1764124/ROS_Workspace/src/build/custom_srvs/rosidl_generator_cpp/custom_srvs/srv/detail/policy__struct.hpp:19:10:[m[K [01;31m[Kfatal error: [m[Kcustom_srvs/msg/detail/string__struct.hpp: No such file or directory
[1.941s]    19 | #include [01;31m[K"custom_srvs/msg/detail/string__struct.hpp"[m[K
[1.941s]       |          [01;31m[K^~~~~~~~~~~~~~~~~~~~~~~~~~~~~~~~~~~~~~~~~~~[m[K
[1.941s] compilation terminated.
[1.942s] make[2]: *** [CMakeFiles/custom_srvs__rosidl_typesupport_fastrtps_cpp.dir/build.make:78: CMakeFiles/custom_srvs__rosidl_typesupport_fastrtps_cpp.dir/rosidl_typesupport_fastrtps_cpp/custom_srvs/srv/detail/dds_fastrtps/policy__type_support.cpp.o] Error 1
[1.943s] make[1]: *** [CMakeFiles/Makefile2:335: CMakeFiles/custom_srvs__rosidl_typesupport_fastrtps_cpp.dir/all] Error 2
[1.943s] make: *** [Makefile:141: all] Error 2
[1.946s] Invoked command in '/home/teamvision/Desktop/ROS_Workspace/Honours_a1797823_a1764124/ROS_Workspace/src/build/custom_srvs' returned '2': CMAKE_PREFIX_PATH=${CMAKE_PREFIX_PATH}:/home/teamvision/Desktop/ROS_Workspace/Honours_a1797823_a1764124/ROS_Workspace/src/install/turtlebot3_navigation:/home/teamvision/Desktop/ROS_Workspace/Honours_a1797823_a1764124/ROS_Workspace/src/install/cameraSub:/home/teamvision/Desktop/ROS_Workspace/Honours_a1797823_a1764124/ROS_Workspace/src/install/cameraPub:/home/teamvision/Desktop/ROS_Workspace/Honours_a1797823_a1764124/ROS_Workspace/src/install/UGV1Vision:/home/teamvision/Desktop/ROS_Workspace/Honours_a1797823_a1764124/ROS_Workspace/src/install/UGV1Processing:/home/teamvision/Desktop/ROS_Workspace/Honours_a1797823_a1764124/ROS_Workspace/src/install/UGV1Main:/home/teamvision/Desktop/ROS_Workspace/Honours_a1797823_a1764124/ROS_Workspace/src/install/UAVVision:/home/teamvision/Desktop/ROS_Workspace/Honours_a1797823_a1764124/ROS_Workspace/src/install/UAVProcessing:/home/teamvision/Desktop/ROS_Workspace/Honours_a1797823_a1764124/ROS_Workspace/src/install/UAVMain:/home/teamvision/Desktop/ROS_Workspace/Honours_a1797823_a1764124/ROS_Workspace/src/install/Konig:/opt/ros/foxy /usr/bin/cmake --build /home/teamvision/Desktop/ROS_Workspace/Honours_a1797823_a1764124/ROS_Workspace/src/build/custom_srvs -- -j4 -l4
