[2.063s] Invoking command in '/home/teamvision/Desktop/ROS_Workspace/Honours_a1797823_a1764124/ROS_Workspace/src/UAVVision': PYTHONPATH=/home/teamvision/Desktop/ROS_Workspace/Honours_a1797823_a1764124/ROS_Workspace/build/UAVVision/prefix_override:/home/teamvision/Desktop/ROS_Workspace/Honours_a1797823_a1764124/ROS_Workspace/install/UAVVision/lib/python3.8/site-packages:${PYTHONPATH} /usr/bin/python3 setup.py egg_info --egg-base ../../build/UAVVision build --build-base /home/teamvision/Desktop/ROS_Workspace/Honours_a1797823_a1764124/ROS_Workspace/build/UAVVision/build install --record /home/teamvision/Desktop/ROS_Workspace/Honours_a1797823_a1764124/ROS_Workspace/build/UAVVision/install.log --install-scripts $base/lib/UAVVision --single-version-externally-managed
[2.213s] Traceback (most recent call last):
[2.213s]   File "/usr/lib/python3/dist-packages/pkg_resources/_vendor/packaging/version.py", line 31, in parse
[2.213s]     return Version(version)
[2.213s]   File "/usr/lib/python3/dist-packages/pkg_resources/_vendor/packaging/version.py", line 202, in __init__
[2.213s]     raise InvalidVersion("Invalid version: '{0}'".format(version))
[2.214s] pkg_resources.extern.packaging.version.InvalidVersion: Invalid version: 'sros2'
[2.214s] 
[2.214s] During handling of the above exception, another exception occurred:
[2.214s] 
[2.214s] Traceback (most recent call last):
[2.214s]   File "setup.py", line 1, in <module>
[2.216s]     from setuptools import setup
[2.217s]   File "/usr/lib/python3/dist-packages/setuptools/__init__.py", line 17, in <module>
[2.217s]     import setuptools.version
[2.217s]   File "/usr/lib/python3/dist-packages/setuptools/version.py", line 1, in <module>
[2.218s]     import pkg_resources
[2.218s]   File "/usr/lib/python3/dist-packages/pkg_resources/__init__.py", line 3254, in <module>
[2.221s]     def _initialize_master_working_set():
[2.221s]   File "/usr/lib/python3/dist-packages/pkg_resources/__init__.py", line 3237, in _call_aside
[2.221s]     f(*args, **kwargs)
[2.221s]   File "/usr/lib/python3/dist-packages/pkg_resources/__init__.py", line 3266, in _initialize_master_working_set
[2.222s]     working_set = WorkingSet._build_master()
[2.222s]   File "/usr/lib/python3/dist-packages/pkg_resources/__init__.py", line 575, in _build_master
[2.223s]     ws = cls()
[2.223s]   File "/usr/lib/python3/dist-packages/pkg_resources/__init__.py", line 568, in __init__
[2.224s]     self.add_entry(entry)
[2.224s]   File "/usr/lib/python3/dist-packages/pkg_resources/__init__.py", line 624, in add_entry
[2.224s]     for dist in find_distributions(entry, True):
[2.224s]   File "/usr/lib/python3/dist-packages/pkg_resources/__init__.py", line 2062, in find_on_path
[2.225s]     path_item_entries = _by_version_descending(filtered)
[2.226s]   File "/usr/lib/python3/dist-packages/pkg_resources/__init__.py", line 2035, in _by_version_descending
[2.226s]     return sorted(names, key=_by_version, reverse=True)
[2.227s]   File "/usr/lib/python3/dist-packages/pkg_resources/__init__.py", line 2033, in _by_version
[2.227s]     return [packaging.version.parse(part) for part in parts]
[2.227s]   File "/usr/lib/python3/dist-packages/pkg_resources/__init__.py", line 2033, in <listcomp>
[2.227s]     return [packaging.version.parse(part) for part in parts]
[2.227s]   File "/usr/lib/python3/dist-packages/pkg_resources/_vendor/packaging/version.py", line 33, in parse
[2.227s]     return LegacyVersion(version)
[2.227s]   File "/usr/lib/python3/dist-packages/pkg_resources/_vendor/packaging/version.py", line 76, in __init__
[2.227s]     self._key = _legacy_cmpkey(self._version)
[2.227s]   File "/usr/lib/python3/dist-packages/pkg_resources/_vendor/packaging/version.py", line 141, in _legacy_cmpkey
[2.228s]     for part in _parse_version_parts(version.lower()):
[2.228s]   File "/usr/lib/python3/dist-packages/pkg_resources/_vendor/packaging/version.py", line 121, in _parse_version_parts
[2.228s]     if part[:1] in "0123456789":
[2.228s] KeyboardInterrupt
