[2.270s] Invoking command in '/home/teamvision/Desktop/ROS_Workspace/Honours_a1797823_a1764124/ROS_Workspace/src/UGV2Main': PYTHONPATH=/home/teamvision/Desktop/ROS_Workspace/Honours_a1797823_a1764124/ROS_Workspace/src/build/UGV2Main/prefix_override:/home/teamvision/Desktop/ROS_Workspace/Honours_a1797823_a1764124/ROS_Workspace/src/install/UGV2Main/lib/python3.8/site-packages:${PYTHONPATH} /usr/bin/python3 setup.py egg_info --egg-base ../build/UGV2Main build --build-base /home/teamvision/Desktop/ROS_Workspace/Honours_a1797823_a1764124/ROS_Workspace/src/build/UGV2Main/build install --record /home/teamvision/Desktop/ROS_Workspace/Honours_a1797823_a1764124/ROS_Workspace/src/build/UGV2Main/install.log --install-scripts $base/lib/UGV2Main --single-version-externally-managed
[2.526s] Traceback (most recent call last):
[2.533s]   File "/usr/lib/python3/dist-packages/pkg_resources/_vendor/packaging/version.py", line 31, in parse
[2.533s]     return Version(version)
[2.533s]   File "/usr/lib/python3/dist-packages/pkg_resources/_vendor/packaging/version.py", line 202, in __init__
[2.534s]     raise InvalidVersion("Invalid version: '{0}'".format(version))
[2.534s] pkg_resources.extern.packaging.version.InvalidVersion: Invalid version: '.egg-info'
[2.534s] 
[2.534s] During handling of the above exception, another exception occurred:
[2.534s] 
[2.534s] Traceback (most recent call last):
[2.534s]   File "setup.py", line 1, in <module>
[2.535s]     from setuptools import setup
[2.535s]   File "/usr/lib/python3/dist-packages/setuptools/__init__.py", line 17, in <module>
[2.540s]     import setuptools.version
[2.540s]   File "/usr/lib/python3/dist-packages/setuptools/version.py", line 1, in <module>
[2.541s]     import pkg_resources
[2.541s]   File "/usr/lib/python3/dist-packages/pkg_resources/__init__.py", line 3254, in <module>
[2.541s]     def _initialize_master_working_set():
[2.541s]   File "/usr/lib/python3/dist-packages/pkg_resources/__init__.py", line 3237, in _call_aside
[2.552s]     f(*args, **kwargs)
[2.553s]   File "/usr/lib/python3/dist-packages/pkg_resources/__init__.py", line 3266, in _initialize_master_working_set
[2.553s]     working_set = WorkingSet._build_master()
[2.553s]   File "/usr/lib/python3/dist-packages/pkg_resources/__init__.py", line 575, in _build_master
[2.553s]     ws = cls()
[2.553s]   File "/usr/lib/python3/dist-packages/pkg_resources/__init__.py", line 568, in __init__
[2.553s]     self.add_entry(entry)
[2.553s]   File "/usr/lib/python3/dist-packages/pkg_resources/__init__.py", line 624, in add_entry
[2.553s]     for dist in find_distributions(entry, True):
[2.554s]   File "/usr/lib/python3/dist-packages/pkg_resources/__init__.py", line 2062, in find_on_path
[2.554s]     path_item_entries = _by_version_descending(filtered)
[2.554s]   File "/usr/lib/python3/dist-packages/pkg_resources/__init__.py", line 2035, in _by_version_descending
[2.554s]     return sorted(names, key=_by_version, reverse=True)
[2.554s]   File "/usr/lib/python3/dist-packages/pkg_resources/__init__.py", line 2033, in _by_version
[2.554s]     return [packaging.version.parse(part) for part in parts]
[2.554s]   File "/usr/lib/python3/dist-packages/pkg_resources/__init__.py", line 2033, in <listcomp>
[2.554s]     return [packaging.version.parse(part) for part in parts]
[2.555s]   File "/usr/lib/python3/dist-packages/pkg_resources/_vendor/packaging/version.py", line 33, in parse
[2.555s]     return LegacyVersion(version)
[2.555s]   File "/usr/lib/python3/dist-packages/pkg_resources/_vendor/packaging/version.py", line 76, in __init__
[2.555s]     self._key = _legacy_cmpkey(self._version)
[2.555s]   File "/usr/lib/python3/dist-packages/pkg_resources/_vendor/packaging/version.py", line 141, in _legacy_cmpkey
[2.555s]     for part in _parse_version_parts(version.lower()):
[2.555s]   File "/usr/lib/python3/dist-packages/pkg_resources/_vendor/packaging/version.py", line 115, in _parse_version_parts
[2.555s]     for part in _legacy_version_component_re.split(s):
[2.555s] KeyboardInterrupt
